2026-02-11 15:25:40,017 [INFO] HTTP Request: POST https://ark.cn-beijing.volces.com/api/v3/chat/completions "HTTP/1.1 200 OK"
2026-02-11 15:25:40,021 [INFO] 格式化JSON输出:
{
  "scene_backdrop": [
    "B75"
  ],
  "shotlist": [
    {
      "shot_id": "SH1",
      "shot_name": "分镜1",
      "shot_related_characters": [
        "C6"
      ],
      "shot_related_creatures": [],
      "shot_related_props": [],
      "shot_static_prompt": "特写镜头，平视角度。画面主体是李宪，面部表情狰狞愤怒，眉头紧皱，嘴唇紧抿，眼神中充满怒火。他身穿金色铠甲，肩甲厚重，头盔羽饰威严。背景虚化可见天兵校场的青石板地面和飘扬旌旗。光线从左侧射入，在他脸部形成强烈明暗对比，突出嚣张跋扈的气质。色调偏冷，强调愤怒氛围。中心构图，面部占据画面主要位置。",
      "shot_dynamic_prompt": "特写镜头，镜头缓慢推进，聚焦李宪面部表情变化。李宪：（愤怒，转身）是谁？好大的狗胆，敢阻拦我做事？镜头推进过程中，他的眉头越皱越紧，眼神从平静转为暴怒，嘴唇微微颤抖，面部肌肉紧绷，展现出强烈的愤怒情绪。"
    },
    {
      "shot_id": "SH2",
      "shot_name": "分镜2",
      "shot_related_characters": [
        "C11"
      ],
      "shot_related_creatures": [],
      "shot_related_props": [],
      "shot_static_prompt": "过肩镜头，从李宪肩膀后方拍摄王主簿，中景，略微俯视。前景是李宪虚化的肩部和金色铠甲轮廓，占据画面左侧三分之一。中景焦点是王主簿，他气喘吁吁地从人群中冲出，帽子歪斜，面容惊恐，双手前伸作阻拦状。背景是天兵校场的人群和飘扬旗帜。顶光从天空洒下，在王主簿脸上投下阴影，强调他的惊慌。画面整体呈对角线构图，突出地位对比。色调偏冷，营造紧张气氛。",
      "shot_dynamic_prompt": "过肩镜头，从李宪视角拍摄，镜头快速跟随王主簿冲出人群的动作。王主簿气喘吁吁地从人群中冲出来，帽子都跑歪了，扑通一声跪在李宪面前。王主簿：（惊恐，擦汗）小天王，小天王息怒！镜头捕捉王主簿奔跑时的踉跄步伐，帽子歪斜的狼狈姿态，跪地时膝盖撞击地面的瞬间，以及擦汗时颤抖的手指动作。"
    },
    {
      "shot_id": "SH3",
      "shot_name": "分镜3",
      "shot_related_characters": [
        "C6",
        "C11"
      ],
      "shot_related_creatures": [],
      "shot_related_props": [],
      "shot_static_prompt": "正反镜头组合，中近景，平视角度。正打镜头聚焦李宪，他居高临下地俯视跪地的王主簿，右手叉腰，左手握拳，表情更加愤怒。反打镜头特写王主簿，他抬头仰望李宪，眼眶微红，嘴唇颤抖，双手合十作哀求状。两个镜头交替，背景都是天兵校场的肃杀环境。光线对比强烈，李宪处在强光中显得威严，王主簿处在阴影中显得卑微。色调偏冷，突出对峙关系。",
      "shot_dynamic_prompt": "正反镜头快速切换，正打镜头聚焦李宪愤怒的面部特写，反打镜头特写王主簿惊恐哀求的表情。王主簿：（声音颤抖但坚定）这林叶……这人动不得啊！镜头在两人面部特写间快速切换，捕捉李宪从愤怒到疑惑的情绪变化，以及王主簿从惊恐到坚决的表情转变，突出对话的紧张对峙感。"
    },
    {
      "shot_id": "SH4",
      "shot_name": "分镜4",
      "shot_related_characters": [
        "C6",
        "C11",
        "C23",
        "C49"
      ],
      "shot_related_creatures": [],
      "shot_related_props": [],
      "shot_static_prompt": "全景镜头，俯视角度。画面展现整个天兵校场场景，李宪和王主簿在画面中心对峙，周围环绕着列队的天兵们，林叶被天兵押解在后方。点将台高耸，旌旗飘扬，云层低垂。李宪金色铠甲显眼，王主簿跪地姿态卑微，天兵们肃立观望。光线从云层缝隙洒下，形成斑驳光影，突出肃杀压抑氛围。广角构图，展现宏大场面。色调偏冷，强调紧张局势。",
      "shot_dynamic_prompt": "全景镜头缓慢拉远，展现整个天兵校场的宏大场面。画面闪回开始，镜头从李宪和王主簿的对峙场景缓缓拉远，展现周围列队的天兵们肃立观望，林叶被天兵押解在后方挣扎。校场上旌旗飘扬，云层低垂，肃杀压抑的氛围笼罩全场。镜头最终定格在广阔的练兵场地和点将台高耸的远景，为后续闪回情节做铺垫。"
    }
  ]
}
